<?xml version="1.0" encoding="UTF-8"?>
<!-- Generated by org.testng.reporters.JUnitReportReporter -->
<testsuite hostname="Gena-PC" name="com.example.tests.ContactRemovalTests" tests="1" failures="0" timestamp="21 Jun 2015 16:28:55 GMT" time="1.200" errors="0">
  <testcase name="deleteContact" time="1.200" classname="com.example.tests.ContactRemovalTests"/>
</testsuite> <!-- com.example.tests.ContactRemovalTests -->
