<?xml version="1.0" encoding="UTF-8"?>
<!-- Generated by org.testng.reporters.JUnitReportReporter -->
<testsuite hostname="Gena-PC" name="com.example.tests.ContactModificationTests" tests="1" failures="0" timestamp="21 Jun 2015 16:28:55 GMT" time="2.408" errors="0">
  <testcase name="modifyContact" time="2.408" classname="com.example.tests.ContactModificationTests"/>
</testsuite> <!-- com.example.tests.ContactModificationTests -->
