<?xml version="1.0" encoding="UTF-8"?>
<!-- Generated by org.testng.reporters.JUnitReportReporter -->
<testsuite hostname="GenaPC" name="com.example.tests.EmptyGroupCrearionTests" tests="1" failures="0" timestamp="19 Apr 2015 15:39:08 GMT" time="2.078" errors="0">
  <testcase name="testEmptyGroupCreation" time="2.078" classname="com.example.tests.EmptyGroupCrearionTests"/>
</testsuite> <!-- com.example.tests.EmptyGroupCrearionTests -->
