<?xml version="1.0" encoding="UTF-8"?>
<!-- Generated by org.testng.reporters.JUnitReportReporter -->
<testsuite hostname="Gena-PC" name="com.example.tests.GroupCreationTests" tests="2" failures="0" timestamp="21 Jun 2015 16:28:55 GMT" time="4.230" errors="0">
  <testcase name="testEmptyGroupCreation" time="1.810" classname="com.example.tests.GroupCreationTests"/>
  <testcase name="testNonEmptyGroupCreation" time="2.420" classname="com.example.tests.GroupCreationTests"/>
</testsuite> <!-- com.example.tests.GroupCreationTests -->
