<?xml version="1.0" encoding="UTF-8"?>
<!-- Generated by org.testng.reporters.JUnitReportReporter -->
<testsuite hostname="Gena-PC" name="com.example.tests.GroupModificationTests" tests="1" failures="0" timestamp="21 Jun 2015 16:28:55 GMT" time="2.387" errors="0">
  <testcase name="modifySomeGroup" time="2.387" classname="com.example.tests.GroupModificationTests"/>
</testsuite> <!-- com.example.tests.GroupModificationTests -->
