<?xml version="1.0" encoding="UTF-8"?>
<!-- Generated by org.testng.reporters.JUnitReportReporter -->
<testsuite hostname="Gena-PC" name="com.example.tests.AlsoGroupCreationTests" tests="2" failures="0" timestamp="21 Jun 2015 09:23:18 GMT" time="3.568" errors="0">
  <testcase name="testNonEmptyGroupCreation" time="1.785" classname="com.example.tests.AlsoGroupCreationTests"/>
  <testcase name="testEmptyGroupCreation" time="1.783" classname="com.example.tests.AlsoGroupCreationTests"/>
</testsuite> <!-- com.example.tests.AlsoGroupCreationTests -->
