<?xml version="1.0" encoding="UTF-8"?>
<!-- Generated by org.testng.reporters.JUnitReportReporter -->
<testsuite hostname="Gena-PC" name="com.example.tests.GroupCreationTests" tests="2" failures="0" timestamp="21 Jun 2015 10:19:40 GMT" time="5.283" errors="0">
  <testcase name="testEmptyGroupCreation" time="2.357" classname="com.example.tests.GroupCreationTests"/>
  <testcase name="testNonEmptyGroupCreation" time="2.926" classname="com.example.tests.GroupCreationTests"/>
</testsuite> <!-- com.example.tests.GroupCreationTests -->
