<?xml version="1.0" encoding="UTF-8"?>
<!-- Generated by org.testng.reporters.JUnitReportReporter -->
<testsuite hostname="Gena-PC" name="com.example.tests.ContactCreationTests" tests="2" failures="0" timestamp="21 Jun 2015 16:28:55 GMT" time="8.988" errors="0">
  <testcase name="testNonEmptyContactCreated" time="4.137" classname="com.example.tests.ContactCreationTests"/>
  <testcase name="testEmptyContactCreated" time="4.851" classname="com.example.tests.ContactCreationTests"/>
</testsuite> <!-- com.example.tests.ContactCreationTests -->
