<?xml version="1.0" encoding="UTF-8"?>
<!-- Generated by org.testng.reporters.JUnitReportReporter -->
<testsuite hostname="Gena-PC" name="com.example.tests.GroupRemovalTests" tests="1" failures="0" timestamp="21 Jun 2015 16:28:55 GMT" time="1.235" errors="0">
  <testcase name="deleteSomeGroup" time="1.235" classname="com.example.tests.GroupRemovalTests"/>
</testsuite> <!-- com.example.tests.GroupRemovalTests -->
