<?xml version="1.0" encoding="UTF-8"?>
<!-- Generated by org.testng.reporters.JUnitReportReporter -->
<testsuite hostname="GenaPC" name="com.example.tests.GroupCrearionTests" tests="1" failures="0" timestamp="19 Apr 2015 15:39:08 GMT" time="2.694" errors="0">
  <testcase name="testNonEmptyGroupCreation" time="2.694" classname="com.example.tests.GroupCrearionTests"/>
</testsuite> <!-- com.example.tests.GroupCrearionTests -->
