<?xml version="1.0" encoding="UTF-8"?>
<!-- Generated by org.testng.reporters.JUnitReportReporter -->
<testsuite hostname="Gena-PC" name="com.example.tests.GroupCreationTests" tests="2" failures="0" timestamp="21 Jun 2015 15:35:20 GMT" time="4.569" errors="0">
  <testcase name="testEmptyGroupCreation" time="2.137" classname="com.example.tests.GroupCreationTests"/>
  <testcase name="testNonEmptyGroupCreation" time="2.432" classname="com.example.tests.GroupCreationTests"/>
</testsuite> <!-- com.example.tests.GroupCreationTests -->
