<?xml version="1.0" encoding="UTF-8"?>
<!-- Generated by org.testng.reporters.JUnitReportReporter -->
<testsuite hostname="Gena-PC" name="com.example.tests.ContactCreationTests" tests="2" failures="0" timestamp="21 Jun 2015 10:19:40 GMT" time="7.277" errors="0">
  <testcase name="testEmptyContactCreated" time="3.451" classname="com.example.tests.ContactCreationTests"/>
  <testcase name="testNonEmptyContactCreated" time="3.826" classname="com.example.tests.ContactCreationTests"/>
</testsuite> <!-- com.example.tests.ContactCreationTests -->
